\BOOKMARK [2][-]{subsection.0.1}{\376\377\000R\000e\000s\000u\000l\000t\000s}{}% 1
\BOOKMARK [3][-]{subsubsection.0.1.1}{\376\377\000E\000n\000d\000p\000o\000i\000n\000t\000\040\000l\000o\000g\000i\000c\000\040\000a\000n\000d\000\040\000t\000a\000r\000g\000e\000t\000\040\000s\000e\000t}{subsection.0.1}% 2
\BOOKMARK [3][-]{subsubsection.0.1.2}{\376\377\000V\000e\000r\000d\000i\000c\000t\000\040\000p\000r\000o\000m\000p\000t\000s\000\040\000i\000n\000f\000l\000a\000t\000e\000\040\000a\000p\000p\000a\000r\000e\000n\000t\000\040\000a\000g\000r\000e\000e\000m\000e\000n\000t}{subsection.0.1}% 3
\BOOKMARK [3][-]{subsubsection.0.1.3}{\376\377\000V\000e\000r\000d\000i\000c\000t\000\040\000a\000g\000r\000e\000e\000m\000e\000n\000t\000\040\000e\000x\000c\000e\000e\000d\000s\000\040\000t\000h\000e\000\040\000m\000o\000d\000e\000l\000'\000s\000\040\000d\000i\000s\000t\000r\000i\000b\000u\000t\000i\000o\000n\000a\000l\000\040\000e\000s\000t\000i\000m\000a\000t\000e}{subsection.0.1}% 4
\BOOKMARK [3][-]{subsubsection.0.1.4}{\376\377\000R\000e\000p\000e\000a\000t\000e\000d\000\040\000f\000o\000r\000c\000e\000d\000-\000c\000h\000o\000i\000c\000e\000\040\000o\000u\000t\000p\000u\000t\000s\000\040\000c\000o\000m\000p\000r\000e\000s\000s\000\040\000s\000o\000u\000r\000c\000e\000-\000c\000o\000m\000m\000u\000n\000i\000t\000y\000\040\000d\000i\000s\000a\000g\000r\000e\000e\000m\000e\000n\000t}{subsection.0.1}% 5
\BOOKMARK [3][-]{subsubsection.0.1.5}{\376\377\000P\000a\000t\000t\000e\000r\000n\000\040\000a\000c\000r\000o\000s\000s\000\040\000m\000o\000d\000e\000l\000s\000\040\000a\000n\000d\000\040\000o\000u\000t\000p\000u\000t\000\040\000v\000a\000l\000i\000d\000i\000t\000y}{subsection.0.1}% 6
\BOOKMARK [3][-]{subsubsection.0.1.6}{\376\377\000R\000o\000b\000u\000s\000t\000n\000e\000s\000s\000\040\000a\000n\000d\000\040\000d\000i\000a\000g\000n\000o\000s\000t\000i\000c\000s}{subsection.0.1}% 7
\BOOKMARK [2][-]{subsection.0.2}{\376\377\000D\000i\000s\000c\000u\000s\000s\000i\000o\000n}{}% 8
\BOOKMARK [2][-]{subsection.0.3}{\376\377\000M\000e\000t\000h\000o\000d\000s}{}% 9
\BOOKMARK [3][-]{subsubsection.0.3.1}{\376\377\000P\000r\000e\000r\000e\000g\000i\000s\000t\000r\000a\000t\000i\000o\000n\000\040\000a\000n\000d\000\040\000a\000n\000a\000l\000y\000s\000i\000s\000\040\000s\000c\000o\000p\000e}{subsection.0.3}% 10
\BOOKMARK [3][-]{subsubsection.0.3.2}{\376\377\000D\000a\000t\000a\000s\000e\000t\000,\000\040\000e\000l\000i\000g\000i\000b\000i\000l\000i\000t\000y\000\040\000a\000n\000d\000\040\000l\000a\000b\000e\000l\000\040\000s\000c\000h\000e\000m\000a}{subsection.0.3}% 11
\BOOKMARK [3][-]{subsubsection.0.3.3}{\376\377\000S\000o\000u\000r\000c\000e\000-\000c\000o\000m\000m\000u\000n\000i\000t\000y\000\040\000d\000i\000s\000t\000r\000i\000b\000u\000t\000i\000o\000n\000s\000,\000\040\000b\000i\000n\000s\000\040\000a\000n\000d\000\040\000i\000t\000e\000m\000\040\000a\000l\000l\000o\000c\000a\000t\000i\000o\000n}{subsection.0.3}% 12
\BOOKMARK [3][-]{subsubsection.0.3.4}{\376\377\000M\000o\000d\000e\000l\000\040\000r\000o\000s\000t\000e\000r\000\040\000a\000n\000d\000\040\000c\000o\000l\000l\000e\000c\000t\000i\000o\000n}{subsection.0.3}% 13
\BOOKMARK [3][-]{subsubsection.0.3.5}{\376\377\000P\000r\000o\000m\000p\000t\000\040\000m\000o\000d\000e\000s\000\040\000a\000n\000d\000\040\000r\000e\000q\000u\000e\000s\000t\000\040\000c\000o\000n\000s\000t\000r\000u\000c\000t\000i\000o\000n}{subsection.0.3}% 14
\BOOKMARK [3][-]{subsubsection.0.3.6}{\376\377\000P\000a\000r\000s\000i\000n\000g\000,\000\040\000v\000a\000l\000i\000d\000i\000t\000y\000\040\000a\000n\000d\000\040\000e\000x\000c\000l\000u\000s\000i\000o\000n\000s}{subsection.0.3}% 15
\BOOKMARK [3][-]{subsubsection.0.3.7}{\376\377\000E\000n\000d\000p\000o\000i\000n\000t\000\040\000d\000e\000f\000i\000n\000i\000t\000i\000o\000n\000s}{subsection.0.3}% 16
\BOOKMARK [3][-]{subsubsection.0.3.8}{\376\377\000S\000t\000a\000t\000i\000s\000t\000i\000c\000a\000l\000\040\000i\000n\000f\000e\000r\000e\000n\000c\000e}{subsection.0.3}% 17
\BOOKMARK [3][-]{subsubsection.0.3.9}{\376\377\000R\000o\000b\000u\000s\000t\000n\000e\000s\000s\000\040\000a\000n\000d\000\040\000s\000e\000c\000o\000n\000d\000a\000r\000y\000\040\000a\000n\000a\000l\000y\000s\000e\000s}{subsection.0.3}% 18
\BOOKMARK [2][-]{subsection.0.4}{\376\377\000D\000a\000t\000a\000\040\000a\000v\000a\000i\000l\000a\000b\000i\000l\000i\000t\000y}{}% 19
\BOOKMARK [2][-]{subsection.0.5}{\376\377\000C\000o\000d\000e\000\040\000a\000v\000a\000i\000l\000a\000b\000i\000l\000i\000t\000y}{}% 20
\BOOKMARK [2][-]{subsection.0.6}{\376\377\000A\000I\000\040\000a\000s\000s\000i\000s\000t\000a\000n\000c\000e\000\040\000d\000i\000s\000c\000l\000o\000s\000u\000r\000e}{}% 21
\BOOKMARK [2][-]{subsection.0.7}{\376\377\000E\000t\000h\000i\000c\000s\000\040\000a\000n\000d\000\040\000h\000u\000m\000a\000n\000-\000s\000u\000b\000j\000e\000c\000t\000s\000\040\000s\000t\000a\000t\000e\000m\000e\000n\000t}{}% 22
\BOOKMARK [2][-]{subsection.0.8}{\376\377\000F\000u\000n\000d\000i\000n\000g}{}% 23
\BOOKMARK [2][-]{subsection.0.9}{\376\377\000C\000o\000m\000p\000e\000t\000i\000n\000g\000\040\000i\000n\000t\000e\000r\000e\000s\000t\000s}{}% 24
\BOOKMARK [2][-]{subsection.0.10}{\376\377\000A\000u\000t\000h\000o\000r\000\040\000c\000o\000n\000t\000r\000i\000b\000u\000t\000i\000o\000n\000s}{}% 25
\BOOKMARK [2][-]{subsection.0.11}{\376\377\000A\000c\000k\000n\000o\000w\000l\000e\000d\000g\000e\000m\000e\000n\000t\000s}{}% 26
\BOOKMARK [2][-]{subsection.0.12}{\376\377\000R\000e\000f\000e\000r\000e\000n\000c\000e\000s}{}% 27
\BOOKMARK [2][-]{subsection.0.13}{\376\377\000M\000a\000i\000n\000\040\000d\000i\000s\000p\000l\000a\000y\000\040\000i\000t\000e\000m\000s}{}% 28
\BOOKMARK [2][-]{subsection.0.14}{\376\377\000E\000x\000t\000e\000n\000d\000e\000d\000\040\000D\000a\000t\000a\000\040\000a\000n\000d\000\040\000S\000u\000p\000p\000l\000e\000m\000e\000n\000t\000a\000r\000y\000\040\000I\000n\000f\000o\000r\000m\000a\000t\000i\000o\000n}{}% 29
